2020-03-29 12:03:09 INFO  Main:38 - saved data reading
2020-03-29 12:03:09 INFO  Main:43 - application start
2020-03-29 12:03:09 INFO  Controller:75 - Main controller initializing
2020-03-29 12:15:12 INFO  Main:38 - saved data reading
2020-03-29 12:15:12 INFO  Main:43 - application start
2020-03-29 12:15:12 INFO  Controller:75 - Main controller initializing
2020-03-29 12:18:42 INFO  Main:30 - saved data reading
2020-03-29 12:18:42 INFO  TaskIO:154 - 3
2020-03-29 12:18:42 INFO  Main:33 - application start
2020-03-29 12:18:42 INFO  LaunchController:75 - Main controller initializing
2020-03-29 13:32:20 INFO  TaskIO:154 - 
2020-03-29 13:32:20 INFO  TaskIO:154 - 3
2020-03-29 13:33:31 INFO  TaskIO:154 - 
2020-03-29 13:33:31 INFO  TaskIO:154 - 3
2020-03-29 13:37:26 INFO  TaskIO:154 - 
2020-03-29 13:37:26 INFO  TaskIO:154 - 3
2020-03-29 13:43:57 INFO  TaskIO:154 - 
2020-03-29 13:43:57 INFO  TaskIO:154 - 3
2020-03-29 13:50:24 INFO  TaskIO:154 - 
2020-03-29 13:55:19 INFO  TaskIO:158 - 
2020-03-29 13:55:19 INFO  TaskIO:158 - 
2020-03-29 13:59:42 INFO  TaskIO:161 - 
2020-03-29 13:59:42 INFO  TaskIO:161 - 3
2020-03-29 13:59:42 INFO  TaskIO:161 - 
2020-03-29 13:59:42 INFO  TaskIO:161 - 
2020-03-29 14:01:42 INFO  TaskIO:164 - 
2020-03-29 14:01:42 INFO  TaskIO:164 - 3
2020-03-29 14:01:42 INFO  TaskIO:164 - 
2020-03-29 14:01:42 INFO  TaskIO:164 - 
2020-03-29 15:58:53 INFO  TaskIO:164 - 
2020-03-29 15:58:53 INFO  TaskIO:164 - 0
2020-03-29 16:01:52 INFO  TaskIO:164 - 
2020-03-29 16:01:52 INFO  TaskIO:164 - 0
2020-03-29 16:03:41 INFO  TaskIO:164 - 
2020-03-29 16:03:41 INFO  TaskIO:164 - 0
2020-03-29 16:11:07 INFO  TaskIO:164 - 
2020-03-29 16:11:07 INFO  TaskIO:164 - 3
2020-03-29 16:11:07 INFO  TaskIO:164 - 
2020-03-29 16:11:07 INFO  TaskIO:164 - 
2020-03-29 16:11:07 INFO  TaskIO:164 - 
2020-03-29 16:11:07 INFO  TaskIO:164 - 0
2020-03-29 16:16:01 INFO  TaskIO:164 - 
2020-03-29 16:16:01 INFO  TaskIO:164 - 3
2020-03-29 16:16:01 INFO  TaskIO:164 - 
2020-03-29 16:16:01 INFO  TaskIO:164 - 
2020-03-29 16:16:01 INFO  TaskIO:164 - 
2020-03-29 16:16:01 INFO  TaskIO:164 - 0
2020-03-29 16:22:25 INFO  TaskIO:164 - 
2020-03-29 16:22:25 INFO  TaskIO:164 - 3
2020-03-29 16:22:25 INFO  TaskIO:164 - 
2020-03-29 16:22:25 INFO  TaskIO:164 - 
2020-03-29 16:22:25 INFO  TaskIO:164 - 
2020-03-29 16:22:25 INFO  TaskIO:164 - 0
2020-03-29 16:22:25 INFO  TaskIO:164 - 
2020-03-29 16:22:25 INFO  TaskIO:164 - 1
2020-03-29 16:59:20 INFO  TaskIO:167 - 
2020-03-29 16:59:20 INFO  TaskIO:167 - 3
2020-03-29 16:59:20 INFO  TaskIO:167 - 
2020-03-29 16:59:20 INFO  TaskIO:167 - 
2020-03-29 16:59:20 INFO  TaskIO:167 - 
2020-03-29 16:59:20 INFO  TaskIO:167 - 0
2020-03-29 16:59:20 INFO  TaskIO:167 - 
2020-03-29 16:59:20 INFO  TaskIO:167 - 1
2020-03-29 16:59:40 INFO  TaskIO:167 - 
2020-03-29 16:59:40 INFO  TaskIO:167 - 3
2020-03-29 16:59:40 INFO  TaskIO:167 - 
2020-03-29 16:59:40 INFO  TaskIO:167 - 
2020-03-29 16:59:40 INFO  TaskIO:167 - 
2020-03-29 16:59:40 INFO  TaskIO:167 - 0
2020-03-29 16:59:40 INFO  TaskIO:167 - 
2020-03-29 16:59:40 INFO  TaskIO:167 - 1
2020-03-29 17:41:32 INFO  TaskIO:167 - 
2020-03-29 17:41:32 INFO  TaskIO:167 - 3
2020-03-29 17:41:32 INFO  TaskIO:167 - 
2020-03-29 17:41:32 INFO  TaskIO:167 - 1
2020-03-29 17:41:32 INFO  TaskIO:167 - 
2020-03-29 17:41:32 INFO  TaskIO:167 - 
2020-03-29 17:41:32 INFO  TaskIO:167 - 
2020-03-29 17:41:32 INFO  TaskIO:167 - 0
2020-03-29 17:41:32 INFO  TaskIO:167 - 
2020-03-29 17:41:32 INFO  TaskIO:167 - 1
